[debug] [2022-10-11T12:29:16.015Z] ----------------------------------------------------------------------
[debug] [2022-10-11T12:29:16.019Z] Command:       C:\Program Files\nodejs\node.exe C:\Users\toshiba\AppData\Roaming\npm\node_modules\firebase-tools\lib\bin\firebase.js init
[debug] [2022-10-11T12:29:16.020Z] CLI Version:   11.14.1
[debug] [2022-10-11T12:29:16.020Z] Platform:      win32
[debug] [2022-10-11T12:29:16.020Z] Node Version:  v16.13.1
[debug] [2022-10-11T12:29:16.022Z] Time:          Tue Oct 11 2022 13:29:16 GMT+0100 (West Africa Standard Time)
[debug] [2022-10-11T12:29:16.022Z] ----------------------------------------------------------------------
[debug] 
[debug] [2022-10-11T12:29:16.034Z] > command requires scopes: ["email","openid","https://www.googleapis.com/auth/cloudplatformprojects.readonly","https://www.googleapis.com/auth/firebase","https://www.googleapis.com/auth/cloud-platform"]
[debug] [2022-10-11T12:29:16.035Z] > authorizing via signed-in user (abdrahmanoladimeji02@gmail.com)
[info] 
     ######## #### ########  ######## ########     ###     ######  ########
     ##        ##  ##     ## ##       ##     ##  ##   ##  ##       ##
     ######    ##  ########  ######   ########  #########  ######  ######
     ##        ##  ##    ##  ##       ##     ## ##     ##       ## ##
     ##       #### ##     ## ######## ########  ##     ##  ######  ########

You're about to initialize a Firebase project in this directory:

  C:\Users\toshiba\Desktop\AltSchool\New folder\my-portfolio

[info] 
=== Project Setup
[info] 
[info] First, let's associate this project directory with a Firebase project.
[info] You can create multiple project aliases by running firebase use --add, 
[info] but for now we'll just set up a default project.
[info] 
[debug] [2022-10-11T12:33:50.051Z] >>> [apiv2][query] GET https://firebase.googleapis.com/v1beta1/projects pageSize=100
[debug] [2022-10-11T12:33:50.985Z] <<< [apiv2][status] GET https://firebase.googleapis.com/v1beta1/projects 200
[debug] [2022-10-11T12:33:50.986Z] <<< [apiv2][body] GET https://firebase.googleapis.com/v1beta1/projects [omitted]
[info] i  Using project abdrahman-oladimeji (Abdrahman-Oladimeji) 
[info] 
=== Hosting Setup
[info] 
[info] Your public directory is the folder (relative to your project directory) that
[info] will contain Hosting assets to be uploaded with firebase deploy. If you
[info] have a build process for your assets, use your build's output directory.
[info] 
